<?xml version="1.0" encoding="UTF-8"?>
<testng-results ignored="0" total="1" passed="1" failed="0" skipped="0">
  <reporter-output>
  </reporter-output>
  <suite started-at="2024-11-14T16:58:32 EST" name="Default suite" finished-at="2024-11-14T16:58:42 EST" duration-ms="10277">
    <groups>
      <group name="cucumber">
        <method signature="AbstractTestNGCucumberTests.runScenario(io.cucumber.testng.PickleWrapper,io.cucumber.testng.FeatureWrapper)[pri:0, instance:TestRunner.runMyTests@48bb62]" name="runScenario" class="io.cucumber.testng.AbstractTestNGCucumberTests"/>
      </group> <!-- cucumber -->
    </groups>
    <test started-at="2024-11-14T16:58:32 EST" name="Default test" finished-at="2024-11-14T16:58:42 EST" duration-ms="10277">
      <class name="TestRunner.runMyTests">
        <test-method is-config="true" signature="setUpClass(org.testng.ITestContext)[pri:0, instance:TestRunner.runMyTests@48bb62]" started-at="2024-11-14T16:58:32 EST" name="setUpClass" finished-at="2024-11-14T16:58:32 EST" duration-ms="447" status="PASS">
          <params>
            <param index="0">
              <value>
                <![CDATA[org.testng.TestRunner@1a6dc589]]>
              </value>
            </param>
          </params>
          <reporter-output>
          </reporter-output>
        </test-method> <!-- setUpClass -->
        <test-method signature="runScenario(io.cucumber.testng.PickleWrapper,io.cucumber.testng.FeatureWrapper)[pri:0, instance:TestRunner.runMyTests@48bb62]" started-at="2024-11-14T16:58:32 EST" name="runScenario" description="Runs Cucumber Scenarios" data-provider="scenarios" finished-at="2024-11-14T16:58:40 EST" duration-ms="8371" status="PASS">
          <params>
            <param index="0">
              <value>
                <![CDATA["End-to-End test"]]>
              </value>
            </param>
            <param index="1">
              <value>
                <![CDATA["e2e test for Career Advise-ezway2connect"]]>
              </value>
            </param>
          </params>
          <reporter-output>
          </reporter-output>
        </test-method> <!-- runScenario -->
        <test-method is-config="true" signature="tearDownClass()[pri:0, instance:TestRunner.runMyTests@48bb62]" started-at="2024-11-14T16:58:40 EST" name="tearDownClass" finished-at="2024-11-14T16:58:42 EST" duration-ms="1359" status="PASS">
          <reporter-output>
          </reporter-output>
        </test-method> <!-- tearDownClass -->
      </class> <!-- TestRunner.runMyTests -->
    </test> <!-- Default test -->
  </suite> <!-- Default suite -->
</testng-results>
